# JRE version: OpenJDK Runtime Environment (8.0_202-b03) (build 1.8.0_202-release-1483-b03)
# Java VM: OpenJDK 64-Bit Server VM (25.202-b03 mixed mode windows-amd64 compressed oops)
Heap:
 PSYoungGen      total 250368K, used 193373K [0x00000000e0000000, 0x00000000f3d80000, 0x0000000100000000)
  eden space 227840K, 74% used [0x00000000e0000000,0x00000000ea6def30,0x00000000ede80000)
  from space 22528K, 99% used [0x00000000ede80000,0x00000000ef478558,0x00000000ef480000)
  to   space 27648K, 0% used [0x00000000f2280000,0x00000000f2280000,0x00000000f3d80000)
 ParOldGen       total 141312K, used 37107K [0x00000000a0000000, 0x00000000a8a00000, 0x00000000e0000000)
  object space 141312K, 26% used [0x00000000a0000000,0x00000000a243cdb0,0x00000000a8a00000)
 Metaspace       used 78685K, capacity 81530K, committed 81624K, reserved 1120256K
  class space    used 10411K, capacity 10983K, committed 11008K, reserved 1048576K
GC Heap History (10 events):
Event: 20.299 GC heap before
{Heap before GC invocations=12 (full 2):
 PSYoungGen      total 148992K, used 148972K [0x00000000e0000000, 0x00000000ec900000, 0x0000000100000000)
  eden space 136192K, 100% used [0x00000000e0000000,0x00000000e8500000,0x00000000e8500000)
  from space 12800K, 99% used [0x00000000e8500000,0x00000000e917b380,0x00000000e9180000)
  to   space 15872K, 0% used [0x00000000eb980000,0x00000000eb980000,0x00000000ec900000)
 ParOldGen       total 99840K, used 19568K [0x00000000a0000000, 0x00000000a6180000, 0x00000000e0000000)
  object space 99840K, 19% used [0x00000000a0000000,0x00000000a131c150,0x00000000a6180000)
 Metaspace       used 56346K, capacity 57946K, committed 58200K, reserved 1099776K
  class space    used 7657K, capacity 8049K, committed 8064K, reserved 1048576K
Event: 20.329 GC heap after
Heap after GC invocations=12 (full 2):
 PSYoungGen      total 184832K, used 15852K [0x00000000e0000000, 0x00000000ed200000, 0x0000000100000000)
  eden space 168960K, 0% used [0x00000000e0000000,0x00000000e0000000,0x00000000ea500000)
  from space 15872K, 99% used [0x00000000eb980000,0x00000000ec8fb340,0x00000000ec900000)
  to   space 20992K, 0% used [0x00000000ea500000,0x00000000ea500000,0x00000000eb980000)
 ParOldGen       total 99840K, used 27691K [0x00000000a0000000, 0x00000000a6180000, 0x00000000e0000000)
  object space 99840K, 27% used [0x00000000a0000000,0x00000000a1b0ad18,0x00000000a6180000)
 Metaspace       used 56346K, capacity 57946K, committed 58200K, reserved 1099776K
  class space    used 7657K, capacity 8049K, committed 8064K, reserved 1048576K
}
Event: 20.594 GC heap before
{Heap before GC invocations=13 (full 2):
 PSYoungGen      total 184832K, used 34718K [0x00000000e0000000, 0x00000000ed200000, 0x0000000100000000)
  eden space 168960K, 11% used [0x00000000e0000000,0x00000000e126c660,0x00000000ea500000)
  from space 15872K, 99% used [0x00000000eb980000,0x00000000ec8fb340,0x00000000ec900000)
  to   space 20992K, 0% used [0x00000000ea500000,0x00000000ea500000,0x00000000eb980000)
 ParOldGen       total 99840K, used 27691K [0x00000000a0000000, 0x00000000a6180000, 0x00000000e0000000)
  object space 99840K, 27% used [0x00000000a0000000,0x00000000a1b0ad18,0x00000000a6180000)
 Metaspace       used 57309K, capacity 58882K, committed 59028K, reserved 1099776K
  class space    used 7807K, capacity 8171K, committed 8192K, reserved 1048576K
Event: 20.620 GC heap after
Heap after GC invocations=13 (full 2):
 PSYoungGen      total 189952K, used 17048K [0x00000000e0000000, 0x00000000f1200000, 0x0000000100000000)
  eden space 168960K, 0% used [0x00000000e0000000,0x00000000e0000000,0x00000000ea500000)
  from space 20992K, 81% used [0x00000000ea500000,0x00000000eb5a6340,0x00000000eb980000)
  to   space 22528K, 0% used [0x00000000efc00000,0x00000000efc00000,0x00000000f1200000)
 ParOldGen       total 99840K, used 27699K [0x00000000a0000000, 0x00000000a6180000, 0x00000000e0000000)
  object space 99840K, 27% used [0x00000000a0000000,0x00000000a1b0cd18,0x00000000a6180000)
 Metaspace       used 57309K, capacity 58882K, committed 59028K, reserved 1099776K
  class space    used 7807K, capacity 8171K, committed 8192K, reserved 1048576K
}
Event: 20.620 GC heap before
{Heap before GC invocations=14 (full 3):
 PSYoungGen      total 189952K, used 17048K [0x00000000e0000000, 0x00000000f1200000, 0x0000000100000000)
  eden space 168960K, 0% used [0x00000000e0000000,0x00000000e0000000,0x00000000ea500000)
  from space 20992K, 81% used [0x00000000ea500000,0x00000000eb5a6340,0x00000000eb980000)
  to   space 22528K, 0% used [0x00000000efc00000,0x00000000efc00000,0x00000000f1200000)
 ParOldGen       total 99840K, used 27699K [0x00000000a0000000, 0x00000000a6180000, 0x00000000e0000000)
  object space 99840K, 27% used [0x00000000a0000000,0x00000000a1b0cd18,0x00000000a6180000)
 Metaspace       used 57309K, capacity 58882K, committed 59028K, reserved 1099776K
  class space    used 7807K, capacity 8171K, committed 8192K, reserved 1048576K
Event: 20.872 GC heap after
Heap after GC invocations=14 (full 3):
 PSYoungGen      total 189952K, used 0K [0x00000000e0000000, 0x00000000f1200000, 0x0000000100000000)
  eden space 168960K, 0% used [0x00000000e0000000,0x00000000e0000000,0x00000000ea500000)
  from space 20992K, 0% used [0x00000000ea500000,0x00000000ea500000,0x00000000eb980000)
  to   space 22528K, 0% used [0x00000000efc00000,0x00000000efc00000,0x00000000f1200000)
 ParOldGen       total 141312K, used 31904K [0x00000000a0000000, 0x00000000a8a00000, 0x00000000e0000000)
  object space 141312K, 22% used [0x00000000a0000000,0x00000000a1f28100,0x00000000a8a00000)
 Metaspace       used 57287K, capacity 58824K, committed 59028K, reserved 1099776K
  class space    used 7801K, capacity 8160K, committed 8192K, reserved 1048576K
}
Event: 172.044 GC heap before
{Heap before GC invocations=15 (full 3):
 PSYoungGen      total 189952K, used 168960K [0x00000000e0000000, 0x00000000f1200000, 0x0000000100000000)
  eden space 168960K, 100% used [0x00000000e0000000,0x00000000ea500000,0x00000000ea500000)
  from space 20992K, 0% used [0x00000000ea500000,0x00000000ea500000,0x00000000eb980000)
  to   space 22528K, 0% used [0x00000000efc00000,0x00000000efc00000,0x00000000f1200000)
 ParOldGen       total 141312K, used 31904K [0x00000000a0000000, 0x00000000a8a00000, 0x00000000e0000000)
  object space 141312K, 22% used [0x00000000a0000000,0x00000000a1f28100,0x00000000a8a00000)
 Metaspace       used 63804K, capacity 65688K, committed 66008K, reserved 1105920K
  class space    used 8412K, capacity 8838K, committed 8960K, reserved 1048576K
Event: 172.066 GC heap after
Heap after GC invocations=15 (full 3):
 PSYoungGen      total 230912K, used 14722K [0x00000000e0000000, 0x00000000f0a80000, 0x0000000100000000)
  eden space 216064K, 0% used [0x00000000e0000000,0x00000000e0000000,0x00000000ed300000)
  from space 14848K, 99% used [0x00000000efc00000,0x00000000f0a60b50,0x00000000f0a80000)
  to   space 22528K, 0% used [0x00000000ede80000,0x00000000ede80000,0x00000000ef480000)
 ParOldGen       total 141312K, used 31912K [0x00000000a0000000, 0x00000000a8a00000, 0x00000000e0000000)
  object space 141312K, 22% used [0x00000000a0000000,0x00000000a1f2a100,0x00000000a8a00000)
 Metaspace       used 63804K, capacity 65688K, committed 66008K, reserved 1105920K
  class space    used 8412K, capacity 8838K, committed 8960K, reserved 1048576K
}
Event: 177.227 GC heap before
{Heap before GC invocations=16 (full 3):
 PSYoungGen      total 230912K, used 230786K [0x00000000e0000000, 0x00000000f0a80000, 0x0000000100000000)
  eden space 216064K, 100% used [0x00000000e0000000,0x00000000ed300000,0x00000000ed300000)
  from space 14848K, 99% used [0x00000000efc00000,0x00000000f0a60b50,0x00000000f0a80000)
  to   space 22528K, 0% used [0x00000000ede80000,0x00000000ede80000,0x00000000ef480000)
 ParOldGen       total 141312K, used 31912K [0x00000000a0000000, 0x00000000a8a00000, 0x00000000e0000000)
  object space 141312K, 22% used [0x00000000a0000000,0x00000000a1f2a100,0x00000000a8a00000)
 Metaspace       used 71006K, capacity 73138K, committed 73304K, reserved 1112064K
  class space    used 9289K, capacity 9765K, committed 9856K, reserved 1048576K
Event: 177.254 GC heap after
Heap after GC invocations=16 (full 3):
 PSYoungGen      total 250368K, used 22497K [0x00000000e0000000, 0x00000000f3d80000, 0x0000000100000000)
  eden space 227840K, 0% used [0x00000000e0000000,0x00000000e0000000,0x00000000ede80000)
  from space 22528K, 99% used [0x00000000ede80000,0x00000000ef478558,0x00000000ef480000)
  to   space 27648K, 0% used [0x00000000f2280000,0x00000000f2280000,0x00000000f3d80000)
 ParOldGen       total 141312K, used 37107K [0x00000000a0000000, 0x00000000a8a00000, 0x00000000e0000000)
  object space 141312K, 26% used [0x00000000a0000000,0x00000000a243cdb0,0x00000000a8a00000)
 Metaspace       used 71006K, capacity 73138K, committed 73304K, reserved 1112064K
  class space    used 9289K, capacity 9765K, committed 9856K, reserved 1048576K
}

