# JRE version: OpenJDK Runtime Environment (8.0_202-b03) (build 1.8.0_202-release-1483-b03)
# Java VM: OpenJDK 64-Bit Server VM (25.202-b03 mixed mode windows-amd64 compressed oops)
Heap:
 PSYoungGen      total 246272K, used 66859K [0x00000000e0000000, 0x00000000f2380000, 0x0000000100000000)
  eden space 222720K, 19% used [0x00000000e0000000,0x00000000e2a4bfc8,0x00000000ed980000)
  from space 23552K, 99% used [0x00000000efa80000,0x00000000f117edf0,0x00000000f1180000)
  to   space 33792K, 0% used [0x00000000ed980000,0x00000000ed980000,0x00000000efa80000)
 ParOldGen       total 144384K, used 57219K [0x00000000a0000000, 0x00000000a8d00000, 0x00000000e0000000)
  object space 144384K, 39% used [0x00000000a0000000,0x00000000a37e0e58,0x00000000a8d00000)
 Metaspace       used 73247K, capacity 75732K, committed 75864K, reserved 1114112K
  class space    used 10067K, capacity 10582K, committed 10624K, reserved 1048576K
GC Heap History (10 events):
Event: 6.836 GC heap before
{Heap before GC invocations=11 (full 2):
 PSYoungGen      total 166400K, used 153088K [0x00000000e0000000, 0x00000000eed80000, 0x0000000100000000)
  eden space 153088K, 100% used [0x00000000e0000000,0x00000000e9580000,0x00000000e9580000)
  from space 13312K, 0% used [0x00000000ea200000,0x00000000ea200000,0x00000000eaf00000)
  to   space 12800K, 0% used [0x00000000e9580000,0x00000000e9580000,0x00000000ea200000)
 ParOldGen       total 92672K, used 15317K [0x00000000a0000000, 0x00000000a5a80000, 0x00000000e0000000)
  object space 92672K, 16% used [0x00000000a0000000,0x00000000a0ef55a8,0x00000000a5a80000)
 Metaspace       used 48344K, capacity 49562K, committed 49624K, reserved 1091584K
  class space    used 6544K, capacity 6862K, committed 6912K, reserved 1048576K
Event: 6.855 GC heap after
Heap after GC invocations=11 (full 2):
 PSYoungGen      total 165888K, used 12768K [0x00000000e0000000, 0x00000000ee280000, 0x0000000100000000)
  eden space 153088K, 0% used [0x00000000e0000000,0x00000000e0000000,0x00000000e9580000)
  from space 12800K, 99% used [0x00000000e9580000,0x00000000ea1f80b8,0x00000000ea200000)
  to   space 16896K, 0% used [0x00000000ed200000,0x00000000ed200000,0x00000000ee280000)
 ParOldGen       total 92672K, used 21444K [0x00000000a0000000, 0x00000000a5a80000, 0x00000000e0000000)
  object space 92672K, 23% used [0x00000000a0000000,0x00000000a14f12d8,0x00000000a5a80000)
 Metaspace       used 48344K, capacity 49562K, committed 49624K, reserved 1091584K
  class space    used 6544K, capacity 6862K, committed 6912K, reserved 1048576K
}
Event: 8.590 GC heap before
{Heap before GC invocations=12 (full 2):
 PSYoungGen      total 165888K, used 149121K [0x00000000e0000000, 0x00000000ee280000, 0x0000000100000000)
  eden space 153088K, 89% used [0x00000000e0000000,0x00000000e8528708,0x00000000e9580000)
  from space 12800K, 99% used [0x00000000e9580000,0x00000000ea1f80b8,0x00000000ea200000)
  to   space 16896K, 0% used [0x00000000ed200000,0x00000000ed200000,0x00000000ee280000)
 ParOldGen       total 92672K, used 21444K [0x00000000a0000000, 0x00000000a5a80000, 0x00000000e0000000)
  object space 92672K, 23% used [0x00000000a0000000,0x00000000a14f12d8,0x00000000a5a80000)
 Metaspace       used 57290K, capacity 58806K, committed 58968K, reserved 1099776K
  class space    used 7804K, capacity 8195K, committed 8320K, reserved 1048576K
Event: 8.618 GC heap after
Heap after GC invocations=12 (full 2):
 PSYoungGen      total 210432K, used 16884K [0x00000000e0000000, 0x00000000ee980000, 0x0000000100000000)
  eden space 193536K, 0% used [0x00000000e0000000,0x00000000e0000000,0x00000000ebd00000)
  from space 16896K, 99% used [0x00000000ed200000,0x00000000ee27d340,0x00000000ee280000)
  to   space 21504K, 0% used [0x00000000ebd00000,0x00000000ebd00000,0x00000000ed200000)
 ParOldGen       total 92672K, used 28223K [0x00000000a0000000, 0x00000000a5a80000, 0x00000000e0000000)
  object space 92672K, 30% used [0x00000000a0000000,0x00000000a1b8ff50,0x00000000a5a80000)
 Metaspace       used 57290K, capacity 58806K, committed 58968K, reserved 1099776K
  class space    used 7804K, capacity 8195K, committed 8320K, reserved 1048576K
}
Event: 8.618 GC heap before
{Heap before GC invocations=13 (full 3):
 PSYoungGen      total 210432K, used 16884K [0x00000000e0000000, 0x00000000ee980000, 0x0000000100000000)
  eden space 193536K, 0% used [0x00000000e0000000,0x00000000e0000000,0x00000000ebd00000)
  from space 16896K, 99% used [0x00000000ed200000,0x00000000ee27d340,0x00000000ee280000)
  to   space 21504K, 0% used [0x00000000ebd00000,0x00000000ebd00000,0x00000000ed200000)
 ParOldGen       total 92672K, used 28223K [0x00000000a0000000, 0x00000000a5a80000, 0x00000000e0000000)
  object space 92672K, 30% used [0x00000000a0000000,0x00000000a1b8ff50,0x00000000a5a80000)
 Metaspace       used 57290K, capacity 58806K, committed 58968K, reserved 1099776K
  class space    used 7804K, capacity 8195K, committed 8320K, reserved 1048576K
Event: 8.844 GC heap after
Heap after GC invocations=13 (full 3):
 PSYoungGen      total 210432K, used 0K [0x00000000e0000000, 0x00000000ee980000, 0x0000000100000000)
  eden space 193536K, 0% used [0x00000000e0000000,0x00000000e0000000,0x00000000ebd00000)
  from space 16896K, 0% used [0x00000000ed200000,0x00000000ed200000,0x00000000ee280000)
  to   space 21504K, 0% used [0x00000000ebd00000,0x00000000ebd00000,0x00000000ed200000)
 ParOldGen       total 144384K, used 37581K [0x00000000a0000000, 0x00000000a8d00000, 0x00000000e0000000)
  object space 144384K, 26% used [0x00000000a0000000,0x00000000a24b3430,0x00000000a8d00000)
 Metaspace       used 57290K, capacity 58806K, committed 58968K, reserved 1099776K
  class space    used 7804K, capacity 8195K, committed 8320K, reserved 1048576K
}
Event: 12.335 GC heap before
{Heap before GC invocations=14 (full 3):
 PSYoungGen      total 210432K, used 193536K [0x00000000e0000000, 0x00000000ee980000, 0x0000000100000000)
  eden space 193536K, 100% used [0x00000000e0000000,0x00000000ebd00000,0x00000000ebd00000)
  from space 16896K, 0% used [0x00000000ed200000,0x00000000ed200000,0x00000000ee280000)
  to   space 21504K, 0% used [0x00000000ebd00000,0x00000000ebd00000,0x00000000ed200000)
 ParOldGen       total 144384K, used 37581K [0x00000000a0000000, 0x00000000a8d00000, 0x00000000e0000000)
  object space 144384K, 26% used [0x00000000a0000000,0x00000000a24b3430,0x00000000a8d00000)
 Metaspace       used 61016K, capacity 62910K, committed 63064K, reserved 1103872K
  class space    used 8298K, capacity 8745K, committed 8832K, reserved 1048576K
Event: 12.363 GC heap after
Heap after GC invocations=14 (full 3):
 PSYoungGen      total 215040K, used 18261K [0x00000000e0000000, 0x00000000f1180000, 0x0000000100000000)
  eden space 193536K, 0% used [0x00000000e0000000,0x00000000e0000000,0x00000000ebd00000)
  from space 21504K, 84% used [0x00000000ebd00000,0x00000000eced5690,0x00000000ed200000)
  to   space 23552K, 0% used [0x00000000efa80000,0x00000000efa80000,0x00000000f1180000)
 ParOldGen       total 144384K, used 37589K [0x00000000a0000000, 0x00000000a8d00000, 0x00000000e0000000)
  object space 144384K, 26% used [0x00000000a0000000,0x00000000a24b5430,0x00000000a8d00000)
 Metaspace       used 61016K, capacity 62910K, committed 63064K, reserved 1103872K
  class space    used 8298K, capacity 8745K, committed 8832K, reserved 1048576K
}
Event: 15.278 GC heap before
{Heap before GC invocations=15 (full 3):
 PSYoungGen      total 215040K, used 208233K [0x00000000e0000000, 0x00000000f1180000, 0x0000000100000000)
  eden space 193536K, 98% used [0x00000000e0000000,0x00000000eb984e20,0x00000000ebd00000)
  from space 21504K, 84% used [0x00000000ebd00000,0x00000000eced5690,0x00000000ed200000)
  to   space 23552K, 0% used [0x00000000efa80000,0x00000000efa80000,0x00000000f1180000)
 ParOldGen       total 144384K, used 37589K [0x00000000a0000000, 0x00000000a8d00000, 0x00000000e0000000)
  object space 144384K, 26% used [0x00000000a0000000,0x00000000a24b5430,0x00000000a8d00000)
 Metaspace       used 72696K, capacity 75216K, committed 75480K, reserved 1114112K
  class space    used 9927K, capacity 10440K, committed 10496K, reserved 1048576K
Event: 15.315 GC heap after
Heap after GC invocations=15 (full 3):
 PSYoungGen      total 246272K, used 23547K [0x00000000e0000000, 0x00000000f2380000, 0x0000000100000000)
  eden space 222720K, 0% used [0x00000000e0000000,0x00000000e0000000,0x00000000ed980000)
  from space 23552K, 99% used [0x00000000efa80000,0x00000000f117edf0,0x00000000f1180000)
  to   space 33792K, 0% used [0x00000000ed980000,0x00000000ed980000,0x00000000efa80000)
 ParOldGen       total 144384K, used 57219K [0x00000000a0000000, 0x00000000a8d00000, 0x00000000e0000000)
  object space 144384K, 39% used [0x00000000a0000000,0x00000000a37e0e58,0x00000000a8d00000)
 Metaspace       used 72696K, capacity 75216K, committed 75480K, reserved 1114112K
  class space    used 9927K, capacity 10440K, committed 10496K, reserved 1048576K
}

